\BOOKMARK [1][-]{section.0.1}{\376\377\000D\036\357\000\040\000l\000i\036\307\000u\000\040\000H\000e\000a\000l\000t\000h\000c\000a\000r\000e}{}% 1
\BOOKMARK [2][-]{subsection.0.1.1}{\376\377\000C\000\341\000c\000\040\000d\036\241\000n\000g\000\040\000d\036\357\000\040\000l\000i\036\307\000u}{section.0.1}% 2
\BOOKMARK [2][-]{subsection.0.1.2}{\376\377\000C\000\341\000c\000\040\000v\036\245\000n\000\040\001\021\036\301\000\040\000c\036\247\000n\000\040\001\021\001\260\036\343\000c\000\040\000g\000i\036\243\000i\000\040\000q\000u\000y\036\277\000t\000\040\000t\000r\000o\000n\000g\000\040\000l\001\051\000n\000h\000\040\000v\036\361\000c\000\040\000H\000e\000a\000l\000t\000h\000c\000a\000r\000e\000\040\000D\000a\000t\000a}{section.0.1}% 3
\BOOKMARK [1][-]{section.0.2}{\376\377\000C\000\341\000c\000\040\000m\000\364\000\040\000h\000\354\000n\000h\000\040\000d\036\361\000\040\001\021\000o\000\341\000n}{}% 4
\BOOKMARK [2][-]{subsection.0.2.1}{\376\377\000H\036\323\000i\000\040\000q\000u\000y\000\040\000l\000o\000g\000i\000s\000t\000i\000c}{section.0.2}% 5
\BOOKMARK [3][-]{subsubsection.0.2.1.1}{\376\377\000K\000h\000\341\000i\000\040\000n\000i\036\307\000m}{subsection.0.2.1}% 6
\BOOKMARK [3][-]{subsubsection.0.2.1.2}{\376\377\000H\000\340\000m\000\040\000S\000i\000g\000m\000o\000i\000d}{subsection.0.2.1}% 7
\BOOKMARK [3][-]{subsubsection.0.2.1.3}{\376\377\000N\000g\000u\000y\000\352\000n\000\040\000l\000\375\000\040\000h\000o\036\241\000t\000\040\001\021\036\331\000n\000g}{subsection.0.2.1}% 8
\BOOKMARK [3][-]{subsubsection.0.2.1.4}{\376\377\000H\000\340\000m\000\040\000m\036\245\000t\000\040\000m\000\341\000t\000\040\000v\000\340\000\040\000p\000h\001\260\001\241\000n\000g\000\040\000p\000h\000\341\000p\000\040\000t\036\321\000i\000\040\001\260\000u}{subsection.0.2.1}% 9
\BOOKMARK [3][-]{subsubsection.0.2.1.5}{\376\377\001\257\000u\000\040\001\021\000i\036\303\000m}{subsection.0.2.1}% 10
\BOOKMARK [3][-]{subsubsection.0.2.1.6}{\376\377\000H\036\241\000n\000\040\000c\000h\036\277}{subsection.0.2.1}% 11
\BOOKMARK [3][-]{subsubsection.0.2.1.7}{\376\377\036\350\000n\000g\000\040\000d\036\345\000n\000g\000\040\000t\000h\036\361\000c\000\040\000t\036\277}{subsection.0.2.1}% 12
\BOOKMARK [2][-]{subsection.0.2.2}{\376\377\000M\000\364\000\040\000h\000\354\000n\000h\000\040\000S\000V\000M\000\040\000\050\000S\000u\000p\000p\000o\000r\000t\000\040\000V\000e\000c\000t\000o\000r\000\040\000M\000a\000c\000h\000i\000n\000e\000\051}{section.0.2}% 13
\BOOKMARK [3][-]{subsubsection.0.2.2.1}{\376\377\000K\000h\000\341\000i\000\040\000n\000i\036\307\000m}{subsection.0.2.2}% 14
\BOOKMARK [3][-]{subsubsection.0.2.2.2}{\376\377\000S\000i\000\352\000u\000\040\000P\000h\036\263\000n\000g\000,\000\040\000M\000a\000r\000g\000i\000n\000\040\000v\000\340\000\040\000S\000u\000p\000p\000o\000r\000t\000\040\000V\000e\000c\000t\000o\000r\000s}{subsection.0.2.2}% 15
\BOOKMARK [3][-]{subsubsection.0.2.2.3}{\376\377\000T\036\321\000i\000\040\001\020\000a\000\040\000H\000\363\000a\000\040\000K\000h\000o\036\243\000n\000g\000\040\000C\000\341\000c\000h\000\040\000B\000i\000\352\000n}{subsection.0.2.2}% 16
\BOOKMARK [3][-]{subsubsection.0.2.2.4}{\376\377\000N\000g\000u\000y\000\352\000n\000\040\000l\000\375\000\040\000h\000o\036\241\000t\000\040\001\021\036\331\000n\000g}{subsection.0.2.2}% 17
\BOOKMARK [3][-]{subsubsection.0.2.2.5}{\376\377\000L\000i\000n\000e\000a\000r\000\040\000S\000V\000M\000\040\000v\000\340\000\040\000N\000o\000n\000-\000l\000i\000n\000e\000a\000r\000\040\000S\000V\000M}{subsection.0.2.2}% 18
\BOOKMARK [3][-]{subsubsection.0.2.2.6}{\376\377\000K\000e\000r\000n\000e\000l\000\040\000t\000r\000i\000c\000k\000\040\000v\000\340\000\040\000c\000\341\000c\000\040\000h\000\340\000m\000\040\000k\000e\000r\000n\000e\000l\000\040\000p\000h\036\325\000\040\000b\000i\036\277\000n}{subsection.0.2.2}% 19
\BOOKMARK [3][-]{subsubsection.0.2.2.7}{\376\377\000H\000\340\000m\000\040\000m\036\245\000t\000\040\000m\000\341\000t\000\040\000v\000\340\000\040\000p\000h\001\260\001\241\000n\000g\000\040\000p\000h\000\341\000p\000\040\000t\036\321\000i\000\040\001\260\000u\000\040\000h\000\363\000a}{subsection.0.2.2}% 20
\BOOKMARK [3][-]{subsubsection.0.2.2.8}{\376\377\001\257\000u\000\040\001\021\000i\036\303\000m\000\040\000v\000\340\000\040\000h\036\241\000n\000\040\000c\000h\036\277}{subsection.0.2.2}% 21
\BOOKMARK [3][-]{subsubsection.0.2.2.9}{\376\377\036\350\000n\000g\000\040\000d\036\345\000n\000g\000\040\000t\000h\036\361\000c\000\040\000t\036\277}{subsection.0.2.2}% 22
